-------------------------------------------------------------------------------
Test set: RunCucumberTest
-------------------------------------------------------------------------------
Tests run: 2, Failures: 1, Errors: 0, Skipped: 0, Time elapsed: 4.937 s <<< FAILURE! -- in RunCucumberTest
Login.Invalid login -- Time elapsed: 4.527 s <<< FAILURE!
java.lang.AssertionError: Expected error message, but got: 
	at stepDefinition.LoginSteps.user_should_see_error_message(LoginSteps.java:35)
	at ✽.user should see an error message(classpath:Features/login.feature:13)

