<?xml version="1.0" encoding="UTF-8"?>
<testsuite xmlns:xsi="http://www.w3.org/2001/XMLSchema-instance" xsi:noNamespaceSchemaLocation="https://maven.apache.org/surefire/maven-surefire-plugin/xsd/surefire-test-report-3.0.xsd" version="3.0" name="RunCucumberTest" time="4.937" tests="2" errors="0" skipped="0" failures="1">
  <properties>
[...]
</properties>
  <testcase name="Valid login" classname="Login" time="4.39">
    <system-out><![CDATA[
Scenario: Invalid login                                          &amp#27;[90m# Features/login.feature:9&amp#27;[0m

Scenario: Valid login                                            &amp#27;[90m# Features/login.feature:3&amp#27;[0m
  &amp#27;[32mGiven &amp#27;[0m&amp#27;[32muser is on login page&amp#27;[0m                                    &amp#27;[90m# stepDefinition.LoginSteps.user_is_on_login_page()&amp#27;[0m
  &amp#27;[32mGiven &amp#27;[0m&amp#27;[32muser is on login page&amp#27;[0m                                    &amp#27;[90m# stepDefinition.LoginSteps.user_is_on_login_page()&amp#27;[0m
  &amp#27;[32mWhen &amp#27;[0m&amp#27;[32muser enters username &amp#27;[0m&amp#27;[32m&amp#27;[1m"wronguser"&amp#27;[0m&amp#27;[32m and password &amp#27;[0m&amp#27;[32m&amp#27;[1m"wrongpass"&amp#27;[0m &amp#27;[90m# stepDefinition.LoginSteps.user_enters_credentials(java.lang.String,java.lang.String)&amp#27;[0m
  &amp#27;[32mWhen &amp#27;[0m&amp#27;[32muser enters username &amp#27;[0m&amp#27;[32m&amp#27;[1m"student"&amp#27;[0m&amp#27;[32m and password &amp#27;[0m&amp#27;[32m&amp#27;[1m"Password123"&amp#27;[0m &amp#27;[90m# stepDefinition.LoginSteps.user_enters_credentials(java.lang.String,java.lang.String)&amp#27;[0m
  &amp#27;[32mAnd &amp#27;[0m&amp#27;[32muser clicks login&amp#27;[0m                                          &amp#27;[90m# stepDefinition.LoginSteps.user_clicks_login()&amp#27;[0m
  &amp#27;[32mAnd &amp#27;[0m&amp#27;[32muser clicks login&amp#27;[0m                                          &amp#27;[90m# stepDefinition.LoginSteps.user_clicks_login()&amp#27;[0m
  &amp#27;[32mThen &amp#27;[0m&amp#27;[32muser should be logged in&amp#27;[0m                                  &amp#27;[90m# stepDefinition.LoginSteps.user_should_be_logged_in()&amp#27;[0m
  &amp#27;[31mThen &amp#27;[0m&amp#27;[31muser should see an error message&amp#27;[0m                          &amp#27;[90m# stepDefinition.LoginSteps.user_should_see_error_message()&amp#27;[0m
      &amp#27;[31mjava.lang.AssertionError: Expected error message, but got: 
	at stepDefinition.LoginSteps.user_should_see_error_message(LoginSteps.java:35)
	at ✽.user should see an error message(classpath:Features/login.feature:13)
&amp#27;[0m
]]></system-out>
  </testcase>
  <testcase name="Invalid login" classname="Login" time="4.527">
    <failure message="Expected error message, but got: " type="java.lang.AssertionError"><![CDATA[java.lang.AssertionError: Expected error message, but got: 
	at stepDefinition.LoginSteps.user_should_see_error_message(LoginSteps.java:35)
	at ✽.user should see an error message(classpath:Features/login.feature:13)
]]></failure>
  </testcase>
</testsuite>